<?xml version="1.0" encoding="UTF-8"?>
<!-- Generated by org.testng.reporters.JUnitReportReporter -->
<testsuite skipped="0" hostname="DESKTOP-AMOSNVQ" name="tests.OrangeHRM_Login_Page_Test" tests="5" failures="0" timestamp="2021-05-03T00:56:02 EDT" time="33.471" errors="0">
  <testcase name="orangeHRMLoginTestWithInvalidCredential" time="4.159" classname="tests.OrangeHRM_Login_Page_Test"/>
  <system-out/>
  <testcase name="orangeHRMLoginTestWithEmptyCredentials" time="4.295" classname="tests.OrangeHRM_Login_Page_Test"/>
  <system-out/>
  <testcase name="orangeHRMLoginTestWithValidCredential" time="4.851" classname="tests.OrangeHRM_Login_Page_Test"/>
  <system-out/>
  <testcase name="orangeHRMLoginTestWithEmptyPassword" time="11.491" classname="tests.OrangeHRM_Login_Page_Test"/>
  <system-out/>
  <testcase name="orangeHRMLoginTestWithEmptyUsername" time="8.675" classname="tests.OrangeHRM_Login_Page_Test"/>
  <system-out/>
</testsuite> <!-- tests.OrangeHRM_Login_Page_Test -->
