<?xml version="1.0" encoding="UTF-8"?>
<!-- Generated by org.testng.reporters.JUnitReportReporter -->
<testsuite skipped="0" hostname="DESKTOP-AMOSNVQ" name="tests.OrangeHRM_Home_Page_Test" tests="1" failures="0" timestamp="2021-05-03T00:56:02 EDT" time="4.558" errors="0">
  <testcase name="alert_popup_handling" time="4.558" classname="tests.OrangeHRM_Home_Page_Test"/>
  <system-out/>
</testsuite> <!-- tests.OrangeHRM_Home_Page_Test -->
